
now time is Tue Mar 14 2023 16:47:58 GMT+0330 (وقت عادی ایران) ; request method : GET ; request url : /about
now time is Tue Mar 14 2023 16:48:09 GMT+0330 (وقت عادی ایران) ; request method : GET ; request url : /about
now time is Tue Mar 14 2023 16:48:14 GMT+0330 (وقت عادی ایران) ; request method : GET ; request url : /about
now time is Tue Mar 14 2023 16:48:16 GMT+0330 (وقت عادی ایران) ; request method : GET ; request url : /about
now time is Tue Mar 14 2023 16:48:19 GMT+0330 (وقت عادی ایران) ; request method : GET ; request url : /
now time is Tue Mar 14 2023 16:48:23 GMT+0330 (وقت عادی ایران) ; request method : GET ; request url : /
now time is Tue Mar 14 2023 16:48:25 GMT+0330 (وقت عادی ایران) ; request method : GET ; request url : /about
now time is Tue Mar 14 2023 16:53:48 GMT+0330 (وقت عادی ایران) ; request method : GET ; request url : /about
now time is Tue Mar 14 2023 16:53:51 GMT+0330 (وقت عادی ایران) ; request method : GET ; request url : /about
now time is Tue Mar 14 2023 16:53:52 GMT+0330 (وقت عادی ایران) ; request method : GET ; request url : /
now time is Tue Mar 14 2023 16:54:05 GMT+0330 (وقت عادی ایران) ; request method : GET ; request url : /
now time is Tue Mar 14 2023 16:54:06 GMT+0330 (وقت عادی ایران) ; request method : GET ; request url : /
now time is Tue Mar 14 2023 16:54:07 GMT+0330 (وقت عادی ایران) ; request method : GET ; request url : /
now time is Tue Mar 14 2023 16:54:08 GMT+0330 (وقت عادی ایران) ; request method : GET ; request url : /
now time is Tue Mar 14 2023 16:54:09 GMT+0330 (وقت عادی ایران) ; request method : GET ; request url : /
now time is Tue Mar 14 2023 16:54:09 GMT+0330 (وقت عادی ایران) ; request method : GET ; request url : /about
now time is Tue Mar 14 2023 16:54:10 GMT+0330 (وقت عادی ایران) ; request method : GET ; request url : /
now time is Tue Mar 14 2023 16:54:11 GMT+0330 (وقت عادی ایران) ; request method : GET ; request url : /about
now time is Tue Mar 14 2023 16:54:11 GMT+0330 (وقت عادی ایران) ; request method : GET ; request url : /about
now time is Tue Mar 14 2023 16:54:11 GMT+0330 (وقت عادی ایران) ; request method : GET ; request url : /about
now time is Tue Mar 14 2023 16:54:12 GMT+0330 (وقت عادی ایران) ; request method : GET ; request url : /about
now time is Tue Mar 14 2023 16:54:12 GMT+0330 (وقت عادی ایران) ; request method : GET ; request url : /about
now time is Tue Mar 14 2023 16:54:12 GMT+0330 (وقت عادی ایران) ; request method : GET ; request url : /about
now time is Tue Mar 14 2023 17:17:50 GMT+0330 (وقت عادی ایران) ; request method : GET ; request url : /favicon.ico
now time is Tue Mar 14 2023 17:17:52 GMT+0330 (وقت عادی ایران) ; request method : GET ; request url : /
now time is Tue Mar 14 2023 17:18:36 GMT+0330 (وقت عادی ایران) ; request method : GET ; request url : /about
now time is Tue Mar 14 2023 17:18:45 GMT+0330 (وقت عادی ایران) ; request method : GET ; request url : /about
now time is Tue Mar 14 2023 17:18:45 GMT+0330 (وقت عادی ایران) ; request method : GET ; request url : /about
now time is Tue Mar 14 2023 17:18:47 GMT+0330 (وقت عادی ایران) ; request method : GET ; request url : /about
now time is Tue Mar 14 2023 17:19:13 GMT+0330 (وقت عادی ایران) ; request method : GET ; request url : /
now time is Tue Mar 14 2023 17:19:13 GMT+0330 (وقت عادی ایران) ; request method : GET ; request url : /
now time is Tue Mar 14 2023 17:19:13 GMT+0330 (وقت عادی ایران) ; request method : GET ; request url : /
now time is Tue Mar 14 2023 17:19:16 GMT+0330 (وقت عادی ایران) ; request method : GET ; request url : /about
now time is Tue Mar 14 2023 17:19:16 GMT+0330 (وقت عادی ایران) ; request method : GET ; request url : /about
now time is Tue Mar 14 2023 17:19:18 GMT+0330 (وقت عادی ایران) ; request method : GET ; request url : /
now time is Tue Mar 14 2023 17:19:19 GMT+0330 (وقت عادی ایران) ; request method : GET ; request url : /
now time is Tue Mar 14 2023 17:19:19 GMT+0330 (وقت عادی ایران) ; request method : GET ; request url : /
now time is Tue Mar 14 2023 17:20:35 GMT+0330 (وقت عادی ایران) ; request method : GET ; request url : /
now time is Tue Mar 14 2023 17:20:36 GMT+0330 (وقت عادی ایران) ; request method : GET ; request url : /
now time is Tue Mar 14 2023 17:20:36 GMT+0330 (وقت عادی ایران) ; request method : GET ; request url : /
now time is Tue Mar 14 2023 17:20:38 GMT+0330 (وقت عادی ایران) ; request method : GET ; request url : /about
now time is Tue Mar 14 2023 17:20:39 GMT+0330 (وقت عادی ایران) ; request method : GET ; request url : /about
now time is Tue Mar 14 2023 17:20:39 GMT+0330 (وقت عادی ایران) ; request method : GET ; request url : /about
now time is Tue Mar 14 2023 17:21:25 GMT+0330 (وقت عادی ایران) ; request method : GET ; request url : /about
now time is Tue Mar 14 2023 17:21:26 GMT+0330 (وقت عادی ایران) ; request method : GET ; request url : /about
now time is Tue Mar 14 2023 17:21:26 GMT+0330 (وقت عادی ایران) ; request method : GET ; request url : /about
now time is Tue Mar 14 2023 17:21:30 GMT+0330 (وقت عادی ایران) ; request method : GET ; request url : /
now time is Tue Mar 14 2023 17:21:31 GMT+0330 (وقت عادی ایران) ; request method : GET ; request url : /
now time is Tue Mar 14 2023 17:21:31 GMT+0330 (وقت عادی ایران) ; request method : GET ; request url : /
now time is Tue Mar 14 2023 17:21:39 GMT+0330 (وقت عادی ایران) ; request method : GET ; request url : /
now time is Tue Mar 14 2023 17:21:40 GMT+0330 (وقت عادی ایران) ; request method : GET ; request url : /
now time is Tue Mar 14 2023 17:21:40 GMT+0330 (وقت عادی ایران) ; request method : GET ; request url : /
now time is Tue Mar 14 2023 17:21:40 GMT+0330 (وقت عادی ایران) ; request method : GET ; request url : /
now time is Tue Mar 14 2023 17:21:40 GMT+0330 (وقت عادی ایران) ; request method : GET ; request url : /
now time is Tue Mar 14 2023 17:21:40 GMT+0330 (وقت عادی ایران) ; request method : GET ; request url : /
now time is Tue Mar 14 2023 17:21:40 GMT+0330 (وقت عادی ایران) ; request method : GET ; request url : /
now time is Tue Mar 14 2023 17:21:49 GMT+0330 (وقت عادی ایران) ; request method : GET ; request url : /
now time is Tue Mar 14 2023 17:21:50 GMT+0330 (وقت عادی ایران) ; request method : GET ; request url : /
now time is Tue Mar 14 2023 17:21:50 GMT+0330 (وقت عادی ایران) ; request method : GET ; request url : /
now time is Tue Mar 14 2023 17:21:50 GMT+0330 (وقت عادی ایران) ; request method : GET ; request url : /
now time is Tue Mar 14 2023 17:21:50 GMT+0330 (وقت عادی ایران) ; request method : GET ; request url : /
now time is Tue Mar 14 2023 17:22:10 GMT+0330 (وقت عادی ایران) ; request method : GET ; request url : /about
now time is Tue Mar 14 2023 17:22:10 GMT+0330 (وقت عادی ایران) ; request method : GET ; request url : /about
now time is Tue Mar 14 2023 17:22:11 GMT+0330 (وقت عادی ایران) ; request method : GET ; request url : /about
now time is Tue Mar 14 2023 17:22:13 GMT+0330 (وقت عادی ایران) ; request method : GET ; request url : /
now time is Tue Mar 14 2023 17:22:42 GMT+0330 (وقت عادی ایران) ; request method : GET ; request url : /
now time is Tue Mar 14 2023 17:22:43 GMT+0330 (وقت عادی ایران) ; request method : GET ; request url : /
now time is Tue Mar 14 2023 17:22:44 GMT+0330 (وقت عادی ایران) ; request method : GET ; request url : /about
now time is Tue Mar 14 2023 17:22:53 GMT+0330 (وقت عادی ایران) ; request method : GET ; request url : /help
now time is Tue Mar 14 2023 17:23:11 GMT+0330 (وقت عادی ایران) ; request method : GET ; request url : /about
now time is Tue Mar 14 2023 17:23:12 GMT+0330 (وقت عادی ایران) ; request method : GET ; request url : /
now time is Tue Mar 14 2023 17:23:52 GMT+0330 (وقت عادی ایران) ; request method : GET ; request url : /about
now time is Tue Mar 14 2023 17:23:52 GMT+0330 (وقت عادی ایران) ; request method : GET ; request url : /
now time is Tue Mar 14 2023 18:57:59 GMT+0330 (وقت عادی ایران) ; request method : GET ; request url : /
now time is Tue Mar 14 2023 19:29:02 GMT+0330 (وقت عادی ایران) ; request method : GET ; request url : /
now time is Tue Mar 14 2023 19:29:10 GMT+0330 (وقت عادی ایران) ; request method : GET ; request url : /home
now time is Tue Mar 14 2023 19:29:14 GMT+0330 (وقت عادی ایران) ; request method : GET ; request url : /about
now time is Tue Mar 14 2023 19:29:15 GMT+0330 (وقت عادی ایران) ; request method : GET ; request url : /
now time is Tue Mar 14 2023 19:29:49 GMT+0330 (وقت عادی ایران) ; request method : GET ; request url : /
now time is Tue Mar 14 2023 19:30:03 GMT+0330 (وقت عادی ایران) ; request method : GET ; request url : /home
now time is Tue Mar 14 2023 19:30:05 GMT+0330 (وقت عادی ایران) ; request method : GET ; request url : /about
now time is Tue Mar 14 2023 19:30:06 GMT+0330 (وقت عادی ایران) ; request method : GET ; request url : /
now time is Tue Mar 14 2023 19:30:23 GMT+0330 (وقت عادی ایران) ; request method : GET ; request url : /home
now time is Tue Mar 14 2023 19:30:26 GMT+0330 (وقت عادی ایران) ; request method : GET ; request url : /about
now time is Tue Mar 14 2023 19:30:26 GMT+0330 (وقت عادی ایران) ; request method : GET ; request url : /home
now time is Tue Mar 14 2023 19:30:27 GMT+0330 (وقت عادی ایران) ; request method : GET ; request url : /about
now time is Tue Mar 14 2023 19:30:28 GMT+0330 (وقت عادی ایران) ; request method : GET ; request url : /home
now time is Tue Mar 14 2023 19:30:48 GMT+0330 (وقت عادی ایران) ; request method : GET ; request url : /
now time is Tue Mar 14 2023 19:31:45 GMT+0330 (وقت عادی ایران) ; request method : GET ; request url : /
now time is Tue Mar 14 2023 19:32:04 GMT+0330 (وقت عادی ایران) ; request method : GET ; request url : /
now time is Tue Mar 14 2023 19:32:04 GMT+0330 (وقت عادی ایران) ; request method : GET ; request url : /
now time is Tue Mar 14 2023 19:32:17 GMT+0330 (وقت عادی ایران) ; request method : GET ; request url : /signin
now time is Tue Mar 14 2023 19:33:14 GMT+0330 (وقت عادی ایران) ; request method : GET ; request url : /signin
now time is Tue Mar 14 2023 19:33:21 GMT+0330 (وقت عادی ایران) ; request method : GET ; request url : /s
now time is Tue Mar 14 2023 19:33:25 GMT+0330 (وقت عادی ایران) ; request method : GET ; request url : /
now time is Tue Mar 14 2023 19:33:27 GMT+0330 (وقت عادی ایران) ; request method : GET ; request url : /home
now time is Tue Mar 14 2023 19:33:39 GMT+0330 (وقت عادی ایران) ; request method : GET ; request url : /home
now time is Tue Mar 14 2023 19:33:58 GMT+0330 (وقت عادی ایران) ; request method : GET ; request url : /
now time is Tue Mar 14 2023 19:34:00 GMT+0330 (وقت عادی ایران) ; request method : GET ; request url : /home
now time is Tue Mar 14 2023 19:34:22 GMT+0330 (وقت عادی ایران) ; request method : GET ; request url : /home
now time is Tue Mar 14 2023 19:34:24 GMT+0330 (وقت عادی ایران) ; request method : GET ; request url : /
now time is Tue Mar 14 2023 19:34:26 GMT+0330 (وقت عادی ایران) ; request method : GET ; request url : /
now time is Tue Mar 14 2023 19:34:27 GMT+0330 (وقت عادی ایران) ; request method : GET ; request url : /about
now time is Tue Mar 14 2023 19:34:28 GMT+0330 (وقت عادی ایران) ; request method : GET ; request url : /
now time is Tue Mar 14 2023 19:34:33 GMT+0330 (وقت عادی ایران) ; request method : GET ; request url : /signin
now time is Tue Mar 14 2023 19:34:55 GMT+0330 (وقت عادی ایران) ; request method : GET ; request url : /signin
now time is Tue Mar 14 2023 19:34:56 GMT+0330 (وقت عادی ایران) ; request method : GET ; request url : /signin
now time is Tue Mar 14 2023 19:34:56 GMT+0330 (وقت عادی ایران) ; request method : GET ; request url : /signin
now time is Tue Mar 14 2023 19:34:56 GMT+0330 (وقت عادی ایران) ; request method : GET ; request url : /signin
now time is Tue Mar 14 2023 19:34:56 GMT+0330 (وقت عادی ایران) ; request method : GET ; request url : /signin
now time is Tue Mar 14 2023 19:35:33 GMT+0330 (وقت عادی ایران) ; request method : GET ; request url : /signin
now time is Tue Mar 14 2023 19:35:38 GMT+0330 (وقت عادی ایران) ; request method : GET ; request url : /singin
now time is Tue Mar 14 2023 19:36:02 GMT+0330 (وقت عادی ایران) ; request method : GET ; request url : /singin?username=asda&password=asd
now time is Tue Mar 14 2023 19:36:20 GMT+0330 (وقت عادی ایران) ; request method : GET ; request url : /singin?username=asda&password=asd
now time is Tue Mar 14 2023 19:38:05 GMT+0330 (وقت عادی ایران) ; request method : GET ; request url : /singin?username=asda&password=asd
now time is Tue Mar 14 2023 19:38:16 GMT+0330 (وقت عادی ایران) ; request method : GET ; request url : /
now time is Tue Mar 14 2023 19:39:10 GMT+0330 (وقت عادی ایران) ; request method : GET ; request url : /
now time is Tue Mar 14 2023 19:39:10 GMT+0330 (وقت عادی ایران) ; request method : GET ; request url : /
now time is Tue Mar 14 2023 19:39:10 GMT+0330 (وقت عادی ایران) ; request method : GET ; request url : /
now time is Tue Mar 14 2023 19:39:11 GMT+0330 (وقت عادی ایران) ; request method : GET ; request url : /
now time is Tue Mar 14 2023 19:39:24 GMT+0330 (وقت عادی ایران) ; request method : GET ; request url : /singin?username=asda&password=asd
now time is Tue Mar 14 2023 19:39:34 GMT+0330 (وقت عادی ایران) ; request method : GET ; request url : /signin
now time is Tue Mar 14 2023 19:40:21 GMT+0330 (وقت عادی ایران) ; request method : GET ; request url : /signin
now time is Tue Mar 14 2023 19:41:35 GMT+0330 (وقت عادی ایران) ; request method : GET ; request url : /signin
now time is Tue Mar 14 2023 19:41:38 GMT+0330 (وقت عادی ایران) ; request method : GET ; request url : /signin
